0 info it worked if it ends with ok
1 verbose cli [ '/usr/bin/nodejs', '/usr/bin/npm', 'start' ]
2 info using npm@3.5.2
3 info using node@v4.2.6
4 verbose run-script [ 'prestart', 'start', 'poststart' ]
5 info lifecycle group1000@0.0.1~prestart: group1000@0.0.1
6 silly lifecycle group1000@0.0.1~prestart: no script for prestart, continuing
7 info lifecycle group1000@0.0.1~start: group1000@0.0.1
8 verbose lifecycle group1000@0.0.1~start: unsafe-perm in lifecycle true
<<<<<<< HEAD
9 verbose lifecycle group1000@0.0.1~start: PATH: /usr/share/npm/bin/node-gyp-bin:/home/tberthin/Documents/hackgroup1000/group1000project/node_modules/.bin:/home/tberthin/bin:/home/tberthin/.local/bin:/usr/local/sbin:/usr/local/bin:/usr/sbin:/usr/bin:/sbin:/bin:/usr/games:/usr/local/games:/snap/bin
10 verbose lifecycle group1000@0.0.1~start: CWD: /home/tberthin/Documents/hackgroup1000/group1000project
11 silly lifecycle group1000@0.0.1~start: Args: [ '-c', 'node app.js' ]
12 info lifecycle group1000@0.0.1~start: Failed to exec start script
13 verbose stack Error: group1000@0.0.1 start: `node app.js`
13 verbose stack spawn ENOENT
13 verbose stack     at ChildProcess.<anonymous> (/usr/share/npm/lib/utils/spawn.js:17:16)
13 verbose stack     at emitTwo (events.js:87:13)
13 verbose stack     at ChildProcess.emit (events.js:172:7)
13 verbose stack     at maybeClose (internal/child_process.js:821:16)
13 verbose stack     at Process.ChildProcess._handle.onexit (internal/child_process.js:211:5)
14 verbose pkgid group1000@0.0.1
15 verbose cwd /home/tberthin/Documents/hackgroup1000/group1000project
16 error Linux 4.8.0-36-generic
17 error argv "/usr/bin/nodejs" "/usr/bin/npm" "start"
18 error node v4.2.6
19 error npm  v3.5.2
20 error file sh
21 error code ELIFECYCLE
22 error errno ENOENT
23 error syscall spawn
24 error group1000@0.0.1 start: `node app.js`
24 error spawn ENOENT
25 error Failed at the group1000@0.0.1 start script 'node app.js'.
25 error Make sure you have the latest version of node.js and npm installed.
25 error If you do, this is most likely a problem with the group1000 package,
25 error not with npm itself.
25 error Tell the author that this fails on your system:
25 error     node app.js
25 error You can get information on how to open an issue for this project with:
25 error     npm bugs group1000
25 error Or if that isn't available, you can get their info via:
25 error     npm owner ls group1000
25 error There is likely additional logging output above.
26 verbose exit [ 1, true ]
=======
9 verbose lifecycle group1000@0.0.1~start: PATH: /usr/share/npm/bin/node-gyp-bin:/home/dica/Documents/Hackbdx/group1000project/node_modules/.bin:/usr/local/sbin:/usr/local/bin:/usr/sbin:/usr/bin:/sbin:/bin:/usr/games:/usr/local/games:/snap/bin:/usr/lib/jvm/java-8-oracle/bin:/usr/lib/jvm/java-8-oracle/db/bin:/usr/lib/jvm/java-8-oracle/jre/bin:/home/dica/Documents/eclipse:/usr/local/hadoop/bin
10 verbose lifecycle group1000@0.0.1~start: CWD: /home/dica/Documents/Hackbdx/group1000project
11 silly lifecycle group1000@0.0.1~start: Args: [ '-c', 'nodejs app.js' ]
12 silly lifecycle group1000@0.0.1~start: Returned: code: 1  signal: null
13 info lifecycle group1000@0.0.1~start: Failed to exec start script
14 verbose stack Error: group1000@0.0.1 start: `nodejs app.js`
14 verbose stack Exit status 1
14 verbose stack     at EventEmitter.<anonymous> (/usr/share/npm/lib/utils/lifecycle.js:232:16)
14 verbose stack     at emitTwo (events.js:87:13)
14 verbose stack     at EventEmitter.emit (events.js:172:7)
14 verbose stack     at ChildProcess.<anonymous> (/usr/share/npm/lib/utils/spawn.js:24:14)
14 verbose stack     at emitTwo (events.js:87:13)
14 verbose stack     at ChildProcess.emit (events.js:172:7)
14 verbose stack     at maybeClose (internal/child_process.js:821:16)
14 verbose stack     at Process.ChildProcess._handle.onexit (internal/child_process.js:211:5)
15 verbose pkgid group1000@0.0.1
16 verbose cwd /home/dica/Documents/Hackbdx/group1000project
17 error Linux 4.4.0-64-generic
18 error argv "/usr/bin/nodejs" "/usr/bin/npm" "start"
19 error node v4.2.6
20 error npm  v3.5.2
21 error code ELIFECYCLE
22 error group1000@0.0.1 start: `nodejs app.js`
22 error Exit status 1
23 error Failed at the group1000@0.0.1 start script 'nodejs app.js'.
23 error Make sure you have the latest version of node.js and npm installed.
23 error If you do, this is most likely a problem with the group1000 package,
23 error not with npm itself.
23 error Tell the author that this fails on your system:
23 error     nodejs app.js
23 error You can get information on how to open an issue for this project with:
23 error     npm bugs group1000
23 error Or if that isn't available, you can get their info via:
23 error     npm owner ls group1000
23 error There is likely additional logging output above.
24 verbose exit [ 1, true ]
>>>>>>> 4b2045ebb47c489f90350d03e0cdc70c88a604cb
